# JRE version: OpenJDK Runtime Environment Temurin-17.0.9+9 (17.0.9+9) (build 17.0.9+9)
# Java VM: OpenJDK Client VM Temurin-17.0.9+9 (17.0.9+9, mixed mode, emulated-client, serial gc, windows-x86)
GC Precious Log:
 CPUs: 16 total, 16 available
 Memory: 16047M
 Large Page Support: Disabled
 NUMA Support: Disabled
 Compressed Oops: Disabled
 Heap Min Capacity: 6M
 Heap Initial Capacity: 16M
 Heap Max Capacity: 1024M
 Pre-touch: Disabled
Heap:
 def new generation   total 199808K, used 49697K [0x04c00000, 0x124c0000, 0x1a150000)
  eden space 177664K,  19% used [0x04c00000, 0x06daa170, 0x0f980000)
  from space 22144K,  68% used [0x10f20000, 0x11dfe420, 0x124c0000)
  to   space 22144K,   0% used [0x0f980000, 0x0f980000, 0x10f20000)
 tenured generation   total 442460K, used 439954K [0x1a150000, 0x35167000, 0x44c00000)
   the space 442460K,  99% used [0x1a150000, 0x34ef48d8, 0x34ef4a00, 0x35167000)
 Metaspace       used 357746K, committed 360064K, reserved 360448K
GC Heap History (20 events):
Event: 1381.214 GC heap before
{Heap before GC invocations=284 (full 13):
 def new generation   total 199808K, used 194683K [0x04c00000, 0x124c0000, 0x1a150000)
  eden space 177664K, 100% used [0x04c00000, 0x0f980000, 0x0f980000)
  from space 22144K,  76% used [0x10f20000, 0x11fbee60, 0x124c0000)
  to   space 22144K,   0% used [0x0f980000, 0x0f980000, 0x10f20000)
 tenured generation   total 442460K, used 354033K [0x1a150000, 0x35167000, 0x44c00000)
   the space 442460K,  80% used [0x1a150000, 0x2fb0c6e0, 0x2fb0c800, 0x35167000)
 Metaspace       used 342572K, committed 344896K, reserved 360448K
}
Event: 1381.247 GC heap after
{Heap after GC invocations=285 (full 13):
 def new generation   total 199808K, used 12601K [0x04c00000, 0x124c0000, 0x1a150000)
  eden space 177664K,   0% used [0x04c00000, 0x04c00000, 0x0f980000)
  from space 22144K,  56% used [0x0f980000, 0x105ce748, 0x10f20000)
  to   space 22144K,   0% used [0x10f20000, 0x10f20000, 0x124c0000)
 tenured generation   total 442460K, used 370956K [0x1a150000, 0x35167000, 0x44c00000)
   the space 442460K,  83% used [0x1a150000, 0x30b93018, 0x30b93200, 0x35167000)
 Metaspace       used 342572K, committed 344896K, reserved 360448K
}
Event: 1383.540 GC heap before
{Heap before GC invocations=285 (full 13):
 def new generation   total 199808K, used 190265K [0x04c00000, 0x124c0000, 0x1a150000)
  eden space 177664K, 100% used [0x04c00000, 0x0f980000, 0x0f980000)
  from space 22144K,  56% used [0x0f980000, 0x105ce748, 0x10f20000)
  to   space 22144K,   0% used [0x10f20000, 0x10f20000, 0x124c0000)
 tenured generation   total 442460K, used 370956K [0x1a150000, 0x35167000, 0x44c00000)
   the space 442460K,  83% used [0x1a150000, 0x30b93018, 0x30b93200, 0x35167000)
 Metaspace       used 349230K, committed 351616K, reserved 360448K
}
Event: 1383.579 GC heap after
{Heap after GC invocations=286 (full 13):
 def new generation   total 199808K, used 12637K [0x04c00000, 0x124c0000, 0x1a150000)
  eden space 177664K,   0% used [0x04c00000, 0x04c00000, 0x0f980000)
  from space 22144K,  57% used [0x10f20000, 0x11b775c8, 0x124c0000)
  to   space 22144K,   0% used [0x0f980000, 0x0f980000, 0x10f20000)
 tenured generation   total 442460K, used 383378K [0x1a150000, 0x35167000, 0x44c00000)
   the space 442460K,  86% used [0x1a150000, 0x317b49a0, 0x317b4a00, 0x35167000)
 Metaspace       used 349230K, committed 351616K, reserved 360448K
}
Event: 1384.792 GC heap before
{Heap before GC invocations=286 (full 13):
 def new generation   total 199808K, used 190301K [0x04c00000, 0x124c0000, 0x1a150000)
  eden space 177664K, 100% used [0x04c00000, 0x0f980000, 0x0f980000)
  from space 22144K,  57% used [0x10f20000, 0x11b775c8, 0x124c0000)
  to   space 22144K,   0% used [0x0f980000, 0x0f980000, 0x10f20000)
 tenured generation   total 442460K, used 383378K [0x1a150000, 0x35167000, 0x44c00000)
   the space 442460K,  86% used [0x1a150000, 0x317b49a0, 0x317b4a00, 0x35167000)
 Metaspace       used 349463K, committed 351808K, reserved 360448K
}
Event: 1384.825 GC heap after
{Heap after GC invocations=287 (full 13):
 def new generation   total 199808K, used 12464K [0x04c00000, 0x124c0000, 0x1a150000)
  eden space 177664K,   0% used [0x04c00000, 0x04c00000, 0x0f980000)
  from space 22144K,  56% used [0x0f980000, 0x105ac1a8, 0x10f20000)
  to   space 22144K,   0% used [0x10f20000, 0x10f20000, 0x124c0000)
 tenured generation   total 442460K, used 394440K [0x1a150000, 0x35167000, 0x44c00000)
   the space 442460K,  89% used [0x1a150000, 0x322822f8, 0x32282400, 0x35167000)
 Metaspace       used 349463K, committed 351808K, reserved 360448K
}
Event: 1385.741 GC heap before
{Heap before GC invocations=287 (full 13):
 def new generation   total 199808K, used 190128K [0x04c00000, 0x124c0000, 0x1a150000)
  eden space 177664K, 100% used [0x04c00000, 0x0f980000, 0x0f980000)
  from space 22144K,  56% used [0x0f980000, 0x105ac1a8, 0x10f20000)
  to   space 22144K,   0% used [0x10f20000, 0x10f20000, 0x124c0000)
 tenured generation   total 442460K, used 394440K [0x1a150000, 0x35167000, 0x44c00000)
   the space 442460K,  89% used [0x1a150000, 0x322822f8, 0x32282400, 0x35167000)
 Metaspace       used 349506K, committed 351872K, reserved 360448K
}
Event: 1385.824 GC heap after
{Heap after GC invocations=288 (full 13):
 def new generation   total 199808K, used 18327K [0x04c00000, 0x124c0000, 0x1a150000)
  eden space 177664K,   0% used [0x04c00000, 0x04c00000, 0x0f980000)
  from space 22144K,  82% used [0x10f20000, 0x12105fe0, 0x124c0000)
  to   space 22144K,   0% used [0x0f980000, 0x0f980000, 0x10f20000)
 tenured generation   total 442460K, used 395013K [0x1a150000, 0x35167000, 0x44c00000)
   the space 442460K,  89% used [0x1a150000, 0x323114a8, 0x32311600, 0x35167000)
 Metaspace       used 349506K, committed 351872K, reserved 360448K
}
Event: 1386.744 GC heap before
{Heap before GC invocations=288 (full 13):
 def new generation   total 199808K, used 195991K [0x04c00000, 0x124c0000, 0x1a150000)
  eden space 177664K, 100% used [0x04c00000, 0x0f980000, 0x0f980000)
  from space 22144K,  82% used [0x10f20000, 0x12105fe0, 0x124c0000)
  to   space 22144K,   0% used [0x0f980000, 0x0f980000, 0x10f20000)
 tenured generation   total 442460K, used 395013K [0x1a150000, 0x35167000, 0x44c00000)
   the space 442460K,  89% used [0x1a150000, 0x323114a8, 0x32311600, 0x35167000)
 Metaspace       used 349535K, committed 351872K, reserved 360448K
}
Event: 1386.849 GC heap after
{Heap after GC invocations=289 (full 13):
 def new generation   total 199808K, used 22144K [0x04c00000, 0x124c0000, 0x1a150000)
  eden space 177664K,   0% used [0x04c00000, 0x04c00000, 0x0f980000)
  from space 22144K, 100% used [0x0f980000, 0x10f20000, 0x10f20000)
  to   space 22144K,   0% used [0x10f20000, 0x10f20000, 0x124c0000)
 tenured generation   total 442460K, used 412382K [0x1a150000, 0x35167000, 0x44c00000)
   the space 442460K,  93% used [0x1a150000, 0x33407a78, 0x33407c00, 0x35167000)
 Metaspace       used 349535K, committed 351872K, reserved 360448K
}
Event: 1387.802 GC heap before
{Heap before GC invocations=289 (full 13):
 def new generation   total 199808K, used 199808K [0x04c00000, 0x124c0000, 0x1a150000)
  eden space 177664K, 100% used [0x04c00000, 0x0f980000, 0x0f980000)
  from space 22144K, 100% used [0x0f980000, 0x10f20000, 0x10f20000)
  to   space 22144K,   0% used [0x10f20000, 0x10f20000, 0x124c0000)
 tenured generation   total 442460K, used 412382K [0x1a150000, 0x35167000, 0x44c00000)
   the space 442460K,  93% used [0x1a150000, 0x33407a78, 0x33407c00, 0x35167000)
 Metaspace       used 349551K, committed 351936K, reserved 360448K
}
Event: 1387.876 GC heap after
{Heap after GC invocations=290 (full 13):
 def new generation   total 199808K, used 15769K [0x04c00000, 0x124c0000, 0x1a150000)
  eden space 177664K,   0% used [0x04c00000, 0x04c00000, 0x0f980000)
  from space 22144K,  71% used [0x10f20000, 0x11e86548, 0x124c0000)
  to   space 22144K,   0% used [0x0f980000, 0x0f980000, 0x10f20000)
 tenured generation   total 442460K, used 429739K [0x1a150000, 0x35167000, 0x44c00000)
   the space 442460K,  97% used [0x1a150000, 0x344face8, 0x344fae00, 0x35167000)
 Metaspace       used 349551K, committed 351936K, reserved 360448K
}
Event: 1389.039 GC heap before
{Heap before GC invocations=290 (full 13):
 def new generation   total 199808K, used 193433K [0x04c00000, 0x124c0000, 0x1a150000)
  eden space 177664K, 100% used [0x04c00000, 0x0f980000, 0x0f980000)
  from space 22144K,  71% used [0x10f20000, 0x11e86548, 0x124c0000)
  to   space 22144K,   0% used [0x0f980000, 0x0f980000, 0x10f20000)
 tenured generation   total 442460K, used 429739K [0x1a150000, 0x35167000, 0x44c00000)
   the space 442460K,  97% used [0x1a150000, 0x344face8, 0x344fae00, 0x35167000)
 Metaspace       used 351745K, committed 354112K, reserved 360448K
}
Event: 1389.082 GC heap after
{Heap after GC invocations=291 (full 13):
 def new generation   total 199808K, used 3530K [0x04c00000, 0x124c0000, 0x1a150000)
  eden space 177664K,   0% used [0x04c00000, 0x04c00000, 0x0f980000)
  from space 22144K,  15% used [0x0f980000, 0x0fcf29c8, 0x10f20000)
  to   space 22144K,   0% used [0x10f20000, 0x10f20000, 0x124c0000)
 tenured generation   total 442460K, used 439954K [0x1a150000, 0x35167000, 0x44c00000)
   the space 442460K,  99% used [0x1a150000, 0x34ef48d8, 0x34ef4a00, 0x35167000)
 Metaspace       used 351745K, committed 354112K, reserved 360448K
}
Event: 1389.449 GC heap before
{Heap before GC invocations=291 (full 13):
 def new generation   total 199808K, used 181194K [0x04c00000, 0x124c0000, 0x1a150000)
  eden space 177664K, 100% used [0x04c00000, 0x0f980000, 0x0f980000)
  from space 22144K,  15% used [0x0f980000, 0x0fcf29c8, 0x10f20000)
  to   space 22144K,   0% used [0x10f20000, 0x10f20000, 0x124c0000)
 tenured generation   total 442460K, used 439954K [0x1a150000, 0x35167000, 0x44c00000)
   the space 442460K,  99% used [0x1a150000, 0x34ef48d8, 0x34ef4a00, 0x35167000)
 Metaspace       used 351748K, committed 354112K, reserved 360448K
}
Event: 1389.459 GC heap after
{Heap after GC invocations=292 (full 13):
 def new generation   total 199808K, used 3640K [0x04c00000, 0x124c0000, 0x1a150000)
  eden space 177664K,   0% used [0x04c00000, 0x04c00000, 0x0f980000)
  from space 22144K,  16% used [0x10f20000, 0x112ae290, 0x124c0000)
  to   space 22144K,   0% used [0x0f980000, 0x0f980000, 0x10f20000)
 tenured generation   total 442460K, used 439954K [0x1a150000, 0x35167000, 0x44c00000)
   the space 442460K,  99% used [0x1a150000, 0x34ef48d8, 0x34ef4a00, 0x35167000)
 Metaspace       used 351748K, committed 354112K, reserved 360448K
}
Event: 1391.151 GC heap before
{Heap before GC invocations=292 (full 13):
 def new generation   total 199808K, used 181304K [0x04c00000, 0x124c0000, 0x1a150000)
  eden space 177664K, 100% used [0x04c00000, 0x0f980000, 0x0f980000)
  from space 22144K,  16% used [0x10f20000, 0x112ae290, 0x124c0000)
  to   space 22144K,   0% used [0x0f980000, 0x0f980000, 0x10f20000)
 tenured generation   total 442460K, used 439954K [0x1a150000, 0x35167000, 0x44c00000)
   the space 442460K,  99% used [0x1a150000, 0x34ef48d8, 0x34ef4a00, 0x35167000)
 Metaspace       used 356618K, committed 358976K, reserved 360448K
}
Event: 1391.162 GC heap after
{Heap after GC invocations=293 (full 13):
 def new generation   total 199808K, used 4964K [0x04c00000, 0x124c0000, 0x1a150000)
  eden space 177664K,   0% used [0x04c00000, 0x04c00000, 0x0f980000)
  from space 22144K,  22% used [0x0f980000, 0x0fe592e0, 0x10f20000)
  to   space 22144K,   0% used [0x10f20000, 0x10f20000, 0x124c0000)
 tenured generation   total 442460K, used 439954K [0x1a150000, 0x35167000, 0x44c00000)
   the space 442460K,  99% used [0x1a150000, 0x34ef48d8, 0x34ef4a00, 0x35167000)
 Metaspace       used 356618K, committed 358976K, reserved 360448K
}
Event: 1479.247 GC heap before
{Heap before GC invocations=293 (full 13):
 def new generation   total 199808K, used 182628K [0x04c00000, 0x124c0000, 0x1a150000)
  eden space 177664K, 100% used [0x04c00000, 0x0f980000, 0x0f980000)
  from space 22144K,  22% used [0x0f980000, 0x0fe592e0, 0x10f20000)
  to   space 22144K,   0% used [0x10f20000, 0x10f20000, 0x124c0000)
 tenured generation   total 442460K, used 439954K [0x1a150000, 0x35167000, 0x44c00000)
   the space 442460K,  99% used [0x1a150000, 0x34ef48d8, 0x34ef4a00, 0x35167000)
 Metaspace       used 357711K, committed 360064K, reserved 360448K
}
Event: 1479.311 GC heap after
{Heap after GC invocations=294 (full 13):
 def new generation   total 199808K, used 15225K [0x04c00000, 0x124c0000, 0x1a150000)
  eden space 177664K,   0% used [0x04c00000, 0x04c00000, 0x0f980000)
  from space 22144K,  68% used [0x10f20000, 0x11dfe420, 0x124c0000)
  to   space 22144K,   0% used [0x0f980000, 0x0f980000, 0x10f20000)
 tenured generation   total 442460K, used 439954K [0x1a150000, 0x35167000, 0x44c00000)
   the space 442460K,  99% used [0x1a150000, 0x34ef48d8, 0x34ef4a00, 0x35167000)
 Metaspace       used 357711K, committed 360064K, reserved 360448K
}

